<?xml version="1.0" encoding="UTF-8" ?>
<testsuite tests="0" failures="0" name="org.example.security.MApperTest" time="0" errors="0" skipped="0">
  <properties>
    <property name="idea.version" value="2023.3"/>
    <property name="java.runtime.name" value="Java(TM) SE Runtime Environment"/>
    <property name="java.vm.version" value="17.0.10+11-LTS-240"/>
    <property name="sun.boot.library.path" value="D:\develope\jdk-17\bin"/>
    <property name="maven.multiModuleProjectDirectory" value="E:\jimmy\code\SpringBoot\security"/>
    <property name="java.vm.vendor" value="Oracle Corporation"/>
    <property name="java.vendor.url" value="https://java.oracle.com/"/>
    <property name="guice.disable.misplaced.annotation.check" value="true"/>
    <property name="path.separator" value=";"/>
    <property name="java.vm.name" value="Java HotSpot(TM) 64-Bit Server VM"/>
    <property name="sun.os.patch.level" value=""/>
    <property name="user.script" value=""/>
    <property name="user.country" value="CN"/>
    <property name="sun.java.launcher" value="SUN_STANDARD"/>
    <property name="java.vm.specification.name" value="Java Virtual Machine Specification"/>
    <property name="user.dir" value="E:\jimmy\code\SpringBoot\security"/>
    <property name="java.vm.compressedOopsMode" value="Zero based"/>
    <property name="java.runtime.version" value="17.0.10+11-LTS-240"/>
    <property name="os.arch" value="amd64"/>
    <property name="java.io.tmpdir" value="C:\Users\22978\AppData\Local\Temp\"/>
    <property name="line.separator" value="
"/>
    <property name="java.vm.specification.vendor" value="Oracle Corporation"/>
    <property name="user.variant" value=""/>
    <property name="os.name" value="Windows 11"/>
    <property name="maven.ext.class.path" value="D:\Program Files\JetBrains\IntelliJ IDEA 2023.3\plugins\maven\lib\maven-event-listener.jar"/>
    <property name="classworlds.conf" value="D:\develope\apache-maven-3.8.1\bin\m2.conf"/>
    <property name="sun.jnu.encoding" value="GBK"/>
    <property name="java.library.path" value="D:\develope\jdk-17\bin;C:\Windows\Sun\Java\bin;C:\Windows\system32;C:\Windows;C:\Windows\system32;C:\Windows;C:\Windows\System32\Wbem;C:\Windows\System32\WindowsPowerShell\v1.0\;C:\Windows\System32\OpenSSH\;C:\Program Files\dotnet\;D:\develope\jdk-17\bin;D:\develope\apache-maven-3.8.1\bin;D:\Program Files\nodejs\;C:\Program Files\Docker\Docker\resources\bin;D:\Program Files\Git\cmd;E:\Program Files (x86)\Tencent\微信web开发者工具\dll;c:\Users\22978\AppData\Local\Programs\cursor\resources\app\bin;E:\WebDownload\gradle-8.5\bin;C:\Users\22978\AppData\Local\Programs\Python\Launcher\;C:\Users\22978\AppData\Local\Microsoft\WindowsApps;D:\Program Files\JetBrains\IntelliJ IDEA 2023.3\bin;D:\Program Files (x86)\VScode\bin;C:\Users\22978\AppData\Roaming\npm;C:\Program Files\MySQL\MySQL Server 8.0\bin\;D:\Program Files\nodejs\node_global;E:\Program Files\JetBrains\PyCharm Community Edition 2024.1.1\bin;C:\Users\22978\AppData\Local\GitHubDesktop\bin;C:\Windows\System32;."/>
    <property name="jansi.passthrough" value="true"/>
    <property name="maven.conf" value="D:\develope\apache-maven-3.8.1/conf"/>
    <property name="jdk.debug" value="release"/>
    <property name="java.class.version" value="61.0"/>
    <property name="java.specification.name" value="Java Platform API Specification"/>
    <property name="sun.management.compiler" value="HotSpot 64-Bit Tiered Compilers"/>
    <property name="maven.repo.local" value="D:\develope\maven-repo"/>
    <property name="os.version" value="10.0"/>
    <property name="user.home" value="C:\Users\22978"/>
    <property name="user.timezone" value="Asia/Shanghai"/>
    <property name="file.encoding" value="UTF-8"/>
    <property name="java.specification.version" value="17"/>
    <property name="user.name" value="22978"/>
    <property name="java.class.path" value="D:\develope\apache-maven-3.8.1\boot\plexus-classworlds-2.6.0.jar;D:\develope\apache-maven-3.8.1\boot\plexus-classworlds.license"/>
    <property name="java.vm.specification.version" value="17"/>
    <property name="sun.arch.data.model" value="64"/>
    <property name="sun.java.command" value="org.codehaus.classworlds.Launcher -Didea.version=2023.3 -s D:\develope\apache-maven-3.8.1\conf\settings.xml -Dmaven.repo.local=D:\develope\maven-repo package"/>
    <property name="java.home" value="D:\develope\jdk-17"/>
    <property name="user.language" value="zh"/>
    <property name="java.specification.vendor" value="Oracle Corporation"/>
    <property name="java.vm.info" value="mixed mode, sharing"/>
    <property name="java.version" value="17.0.10"/>
    <property name="native.encoding" value="GBK"/>
    <property name="java.vendor" value="Oracle Corporation"/>
    <property name="maven.home" value="D:\develope\apache-maven-3.8.1"/>
    <property name="file.separator" value="\"/>
    <property name="java.version.date" value="2024-01-16"/>
    <property name="java.vendor.url.bug" value="https://bugreport.java.com/bugreport/"/>
    <property name="sun.io.unicode.encoding" value="UnicodeLittle"/>
    <property name="sun.cpu.endian" value="little"/>
    <property name="sun.cpu.isalist" value="amd64"/>
  </properties>
</testsuite>